<?xml version="1.0" encoding="UTF-8"?>
<testng-results skipped="0" failed="0" ignored="0" total="1" passed="1">
  <reporter-output>
  </reporter-output>
  <suite name="Suite" duration-ms="25009" started-at="2018-12-05T12:47:55Z" finished-at="2018-12-05T12:48:20Z">
    <groups>
    </groups>
    <test name="Test" duration-ms="25009" started-at="2018-12-05T12:47:55Z" finished-at="2018-12-05T12:48:20Z">
      <class name="com.mindtree.xceltesting.Demo_HybridFramework.TestEngine">
        <test-method status="PASS" signature="test_main()[pri:0, instance:com.mindtree.xceltesting.Demo_HybridFramework.TestEngine@3a52dba3]" name="test_main" duration-ms="24563" started-at="2018-12-05T12:47:55Z" finished-at="2018-12-05T12:48:19Z">
          <reporter-output>
          </reporter-output>
        </test-method> <!-- test_main -->
      </class> <!-- com.mindtree.xceltesting.Demo_HybridFramework.TestEngine -->
    </test> <!-- Test -->
  </suite> <!-- Suite -->
</testng-results>
